<testsuites>
	<testsuite id="0" tests="2" failures="0" errors="0" package="" time="0.004" name="multiport" timestamp="2023-07-15T20:26:49" hostname="LAPTOP-FQGTSCNO">
		<properties>
			<property name="helm-unittest.version" value="1.6"></property>
		</properties>
		<testcase classname="multiport" name="Multiple port specification for deployment" time="0.002"></testcase>
		<testcase classname="multiport" name="Multiple port specification for service" time="0.002"></testcase>
	</testsuite>
	<testsuite id="1" tests="3" failures="0" errors="0" package="" time="0.006" name="simple" timestamp="2023-07-15T20:26:49" hostname="LAPTOP-FQGTSCNO">
		<properties>
			<property name="helm-unittest.version" value="1.6"></property>
		</properties>
		<testcase classname="simple" name="Image tag should be set correctly" time="0.002"></testcase>
		<testcase classname="simple" name="Simple port specification for deployment" time="0.002"></testcase>
		<testcase classname="simple" name="Simple port specification for service" time="0.002"></testcase>
	</testsuite>
</testsuites>
